<?xml version="1.0" encoding="UTF-8"?>
<testng-results skipped="2" failed="0" total="8" passed="6">
  <reporter-output>
  </reporter-output>
  <suite name="Suite" duration-ms="74" started-at="2017-07-09T17:25:13Z" finished-at="2017-07-09T17:25:13Z">
    <groups>
    </groups>
    <test name="Test 2" duration-ms="74" started-at="2017-07-09T17:25:13Z" finished-at="2017-07-09T17:25:13Z">
      <class name="classTest.annotationTest">
        <test-method status="PASS" signature="logOutTest()[pri:3, instance:classTest.annotationTest@d7b1517]" name="logOutTest" duration-ms="1" started-at="2017-07-09T13:25:13Z" finished-at="2017-07-09T13:25:13Z">
          <reporter-output>
          </reporter-output>
        </test-method> <!-- logOutTest -->
        <test-method status="PASS" signature="logInTest()[pri:1, instance:classTest.annotationTest@d7b1517]" name="logInTest" duration-ms="0" started-at="2017-07-09T13:25:13Z" finished-at="2017-07-09T13:25:13Z">
          <reporter-output>
          </reporter-output>
        </test-method> <!-- logInTest -->
        <test-method status="SKIP" signature="skipTest()[pri:4, instance:classTest.annotationTest@d7b1517]" name="skipTest" duration-ms="1" started-at="2017-07-09T13:25:13Z" finished-at="2017-07-09T13:25:13Z">
          <exception class="org.testng.SkipException">
            <message>
              <![CDATA[Function is not delivered by Dev Yet]]>
            </message>
            <full-stacktrace>
              <![CDATA[org.testng.SkipException: Function is not delivered by Dev Yet
	at classTest.annotationTest.skipTest(annotationTest.java:27)
	at sun.reflect.NativeMethodAccessorImpl.invoke0(Native Method)
	at sun.reflect.NativeMethodAccessorImpl.invoke(Unknown Source)
	at sun.reflect.DelegatingMethodAccessorImpl.invoke(Unknown Source)
	at java.lang.reflect.Method.invoke(Unknown Source)
	at org.testng.internal.MethodInvocationHelper.invokeMethod(MethodInvocationHelper.java:85)
	at org.testng.internal.Invoker.invokeMethod(Invoker.java:639)
	at org.testng.internal.Invoker.invokeTestMethod(Invoker.java:816)
	at org.testng.internal.Invoker.invokeTestMethods(Invoker.java:1124)
	at org.testng.internal.TestMethodWorker.invokeTestMethods(TestMethodWorker.java:125)
	at org.testng.internal.TestMethodWorker.run(TestMethodWorker.java:108)
	at org.testng.TestRunner.privateRun(TestRunner.java:774)
	at org.testng.TestRunner.run(TestRunner.java:624)
	at org.testng.SuiteRunner.runTest(SuiteRunner.java:359)
	at org.testng.SuiteRunner.runSequentially(SuiteRunner.java:354)
	at org.testng.SuiteRunner.privateRun(SuiteRunner.java:312)
	at org.testng.SuiteRunner.run(SuiteRunner.java:261)
	at org.testng.SuiteRunnerWorker.runSuite(SuiteRunnerWorker.java:52)
	at org.testng.SuiteRunnerWorker.run(SuiteRunnerWorker.java:86)
	at org.testng.TestNG.runSuitesSequentially(TestNG.java:1215)
	at org.testng.TestNG.runSuitesLocally(TestNG.java:1140)
	at org.testng.TestNG.run(TestNG.java:1048)
	at org.testng.TestNG.privateMain(TestNG.java:1355)
	at org.testng.TestNG.main(TestNG.java:1324)
]]>
            </full-stacktrace>
          </exception> <!-- org.testng.SkipException -->
          <reporter-output>
          </reporter-output>
        </test-method> <!-- skipTest -->
        <test-method status="PASS" signature="changePasswordTest()[pri:2, instance:classTest.annotationTest@d7b1517]" name="changePasswordTest" duration-ms="0" started-at="2017-07-09T13:25:13Z" depends-on-methods="classTest.annotationTest.logInTest" finished-at="2017-07-09T13:25:13Z">
          <reporter-output>
          </reporter-output>
        </test-method> <!-- changePasswordTest -->
      </class> <!-- classTest.annotationTest -->
      <class name="classTest.dependsOn">
        <test-method status="PASS" signature="logInTest()[pri:0, instance:classTest.dependsOn@6adca536]" name="logInTest" duration-ms="24" started-at="2017-07-09T13:25:13Z" finished-at="2017-07-09T13:25:13Z">
          <reporter-output>
          </reporter-output>
        </test-method> <!-- logInTest -->
        <test-method status="SKIP" signature="skipTest()[pri:0, instance:classTest.dependsOn@6adca536]" name="skipTest" duration-ms="0" started-at="2017-07-09T13:25:13Z" finished-at="2017-07-09T13:25:13Z">
          <exception class="org.testng.SkipException">
            <message>
              <![CDATA[Function is not delivered by Dev Yet]]>
            </message>
            <full-stacktrace>
              <![CDATA[org.testng.SkipException: Function is not delivered by Dev Yet
	at classTest.dependsOn.skipTest(dependsOn.java:26)
	at sun.reflect.NativeMethodAccessorImpl.invoke0(Native Method)
	at sun.reflect.NativeMethodAccessorImpl.invoke(Unknown Source)
	at sun.reflect.DelegatingMethodAccessorImpl.invoke(Unknown Source)
	at java.lang.reflect.Method.invoke(Unknown Source)
	at org.testng.internal.MethodInvocationHelper.invokeMethod(MethodInvocationHelper.java:85)
	at org.testng.internal.Invoker.invokeMethod(Invoker.java:639)
	at org.testng.internal.Invoker.invokeTestMethod(Invoker.java:816)
	at org.testng.internal.Invoker.invokeTestMethods(Invoker.java:1124)
	at org.testng.internal.TestMethodWorker.invokeTestMethods(TestMethodWorker.java:125)
	at org.testng.internal.TestMethodWorker.run(TestMethodWorker.java:108)
	at org.testng.TestRunner.privateRun(TestRunner.java:774)
	at org.testng.TestRunner.run(TestRunner.java:624)
	at org.testng.SuiteRunner.runTest(SuiteRunner.java:359)
	at org.testng.SuiteRunner.runSequentially(SuiteRunner.java:354)
	at org.testng.SuiteRunner.privateRun(SuiteRunner.java:312)
	at org.testng.SuiteRunner.run(SuiteRunner.java:261)
	at org.testng.SuiteRunnerWorker.runSuite(SuiteRunnerWorker.java:52)
	at org.testng.SuiteRunnerWorker.run(SuiteRunnerWorker.java:86)
	at org.testng.TestNG.runSuitesSequentially(TestNG.java:1215)
	at org.testng.TestNG.runSuitesLocally(TestNG.java:1140)
	at org.testng.TestNG.run(TestNG.java:1048)
	at org.testng.TestNG.privateMain(TestNG.java:1355)
	at org.testng.TestNG.main(TestNG.java:1324)
]]>
            </full-stacktrace>
          </exception> <!-- org.testng.SkipException -->
          <reporter-output>
          </reporter-output>
        </test-method> <!-- skipTest -->
        <test-method status="PASS" signature="changePasswordTest()[pri:0, instance:classTest.dependsOn@6adca536]" name="changePasswordTest" duration-ms="1" started-at="2017-07-09T13:25:13Z" depends-on-methods="classTest.dependsOn.logInTest" finished-at="2017-07-09T13:25:13Z">
          <reporter-output>
          </reporter-output>
        </test-method> <!-- changePasswordTest -->
        <test-method status="PASS" signature="logOutTest()[pri:0, instance:classTest.dependsOn@6adca536]" name="logOutTest" duration-ms="0" started-at="2017-07-09T13:25:13Z" depends-on-methods="classTest.dependsOn.changePasswordTest" finished-at="2017-07-09T13:25:13Z">
          <reporter-output>
          </reporter-output>
        </test-method> <!-- logOutTest -->
      </class> <!-- classTest.dependsOn -->
    </test> <!-- Test 2 -->
  </suite> <!-- Suite -->
</testng-results>
